[09Jun2025 00:00:03.181] [Server thread/WARN] [net.minecraft.server.level.ServerLevel/]: Tried to add entity mojangsecurityentity:waiting_obs but it was marked as removed already
[09Jun2025 00:00:03.225] [Server thread/WARN] [net.minecraft.server.level.ServerLevel/]: Tried to add entity mojangsecurityentity:placer but it was marked as removed already
[09Jun2025 00:00:03.531] [Server thread/WARN] [net.minecraft.server.level.ServerLevel/]: Tried to add entity mojangsecurityentity:waiting_obs but it was marked as removed already
[09Jun2025 00:00:06.981] [Server thread/WARN] [net.minecraft.server.level.ServerLevel/]: Tried to add entity mojangsecurityentity:waiting_obs but it was marked as removed already
[09Jun2025 00:00:07.534] [Server thread/INFO] [net.minecraft.server.MinecraftServer/]: xXmishiiiiiiXx was shot by Pillager
[09Jun2025 00:00:09.591] [Server thread/WARN] [net.minecraft.server.level.ServerLevel/]: Tried to add entity mojangsecurityentity:placer but it was marked as removed already
[09Jun2025 00:00:09.627] [Server thread/WARN] [net.minecraft.server.level.ServerLevel/]: Tried to add entity mojangsecurityentity:placer but it was marked as removed already
[09Jun2025 00:00:09.688] [Server thread/WARN] [net.minecraft.server.level.ServerLevel/]: Tried to add entity mojangsecurityentity:waiting_obs but it was marked as removed already
[09Jun2025 00:00:09.726] [Server thread/WARN] [net.minecraft.server.level.ServerLevel/]: Tried to add entity mojangsecurityentity:placer but it was marked as removed already
[09Jun2025 00:00:09.783] [Server thread/WARN] [net.minecraft.server.level.ServerLevel/]: Tried to add entity mojangsecurityentity:waiting_obs but it was marked as removed already
[09Jun2025 00:00:10.575] [Server thread/WARN] [net.minecraft.server.level.ServerLevel/]: Tried to add entity mojangsecurityentity:placer but it was marked as removed already
[09Jun2025 00:00:10.949] [Server thread/INFO] [net.minecraft.server.MinecraftServer/]: [Not Secure] <Dioginix> XD
[09Jun2025 00:00:15.876] [Server thread/WARN] [net.minecraft.server.level.ServerLevel/]: Tried to add entity mojangsecurityentity:placer but it was marked as removed already
[09Jun2025 00:00:15.925] [Server thread/WARN] [net.minecraft.server.level.ServerLevel/]: Tried to add entity mojangsecurityentity:placer but it was marked as removed already
[09Jun2025 00:00:15.977] [Server thread/WARN] [net.minecraft.server.level.ServerLevel/]: Tried to add entity mojangsecurityentity:placer but it was marked as removed already
[09Jun2025 00:00:16.025] [Server thread/WARN] [net.minecraft.server.level.ServerLevel/]: Tried to add entity mojangsecurityentity:placer but it was marked as removed already
[09Jun2025 00:00:19.489] [Server thread/INFO] [net.minecraft.server.MinecraftServer/]: [Not Secure] <xXmishiiiiiiXx> no pasó nada
[09Jun2025 00:00:26.105] [Server thread/INFO] [net.minecraft.server.MinecraftServer/]: [Not Secure] <xXmishiiiiiiXx> JAJA
[09Jun2025 00:00:31.635] [Server thread/INFO] [net.minecraft.server.MinecraftServer/]: [Not Secure] <Dioginix> como nueva
[09Jun2025 00:00:36.781] [Server thread/WARN] [net.minecraft.server.level.ServerLevel/]: Tried to add entity mojangsecurityentity:waiting_obs but it was marked as removed already
[09Jun2025 00:00:36.832] [Server thread/WARN] [net.minecraft.server.level.ServerLevel/]: Tried to add entity mojangsecurityentity:waiting_obs but it was marked as removed already
[09Jun2025 00:00:36.875] [Server thread/WARN] [net.minecraft.server.level.ServerLevel/]: Tried to add entity mojangsecurityentity:placer but it was marked as removed already
[09Jun2025 00:00:38.582] [Server thread/WARN] [net.minecraft.server.level.ServerLevel/]: Tried to add entity mojangsecurityentity:waiting_obs but it was marked as removed already
[09Jun2025 00:00:38.626] [Server thread/WARN] [net.minecraft.server.level.ServerLevel/]: Tried to add entity mojangsecurityentity:placer but it was marked as removed already
[09Jun2025 00:00:41.327] [Server thread/WARN] [net.minecraft.server.level.ServerLevel/]: Tried to add entity mojangsecurityentity:placer but it was marked as removed already
[09Jun2025 00:00:41.338] [Server thread/WARN] [net.minecraft.server.level.ServerLevel/]: Tried to add entity mojangsecurityentity:waiting_obs but it was marked as removed already
[09Jun2025 00:00:41.384] [Server thread/WARN] [net.minecraft.server.level.ServerLevel/]: Tried to add entity mojangsecurityentity:waiting_obs but it was marked as removed already
[09Jun2025 00:00:43.626] [Server thread/WARN] [net.minecraft.server.level.ServerLevel/]: Tried to add entity mojangsecurityentity:placer but it was marked as removed already
[09Jun2025 00:00:50.425] [Server thread/WARN] [net.minecraft.server.level.ServerLevel/]: Tried to add entity mojangsecurityentity:placer but it was marked as removed already
[09Jun2025 00:00:50.426] [Server thread/WARN] [net.minecraft.server.level.ServerLevel/]: Tried to add entity mojangsecurityentity:placer but it was marked as removed already
[09Jun2025 00:00:54.732] [Server thread/WARN] [net.minecraft.server.level.ServerLevel/]: Tried to add entity mojangsecurityentity:waiting_obs but it was marked as removed already
[09Jun2025 00:00:54.784] [Server thread/WARN] [net.minecraft.server.level.ServerLevel/]: Tried to add entity mojangsecurityentity:waiting_obs but it was marked as removed already
[09Jun2025 00:00:54.826] [Server thread/WARN] [net.minecraft.server.level.ServerLevel/]: Tried to add entity mojangsecurityentity:placer but it was marked as removed already
[09Jun2025 00:00:54.883] [Server thread/WARN] [net.minecraft.server.level.ServerLevel/]: Tried to add entity mojangsecurityentity:waiting_obs but it was marked as removed already
[09Jun2025 00:00:54.891] [Server thread/WARN] [net.minecraft.server.level.ServerLevel/]: Tried to add entity mojangsecurityentity:waiting_obs but it was marked as removed already
[09Jun2025 00:01:04.485] [Server thread/WARN] [net.minecraft.server.level.ServerLevel/]: Tried to add entity mojangsecurityentity:the but it was marked as removed already
[09Jun2025 00:01:14.976] [Server thread/WARN] [net.minecraft.server.level.ServerLevel/]: Tried to add entity mojangsecurityentity:placer but it was marked as removed already
[09Jun2025 00:01:14.984] [Server thread/WARN] [net.minecraft.server.level.ServerLevel/]: Tried to add entity mojangsecurityentity:waiting_obs but it was marked as removed already
[09Jun2025 00:01:15.032] [Server thread/WARN] [net.minecraft.server.level.ServerLevel/]: Tried to add entity mojangsecurityentity:waiting_obs but it was marked as removed already
[09Jun2025 00:01:15.082] [Server thread/WARN] [net.minecraft.server.level.ServerLevel/]: Tried to add entity mojangsecurityentity:waiting_obs but it was marked as removed already
[09Jun2025 00:01:16.026] [Server thread/WARN] [net.minecraft.server.level.ServerLevel/]: Tried to add entity mojangsecurityentity:placer but it was marked as removed already
[09Jun2025 00:01:16.083] [Server thread/WARN] [net.minecraft.server.level.ServerLevel/]: Tried to add entity mojangsecurityentity:waiting_obs but it was marked as removed already
[09Jun2025 00:01:16.131] [Server thread/WARN] [net.minecraft.server.level.ServerLevel/]: Tried to add entity mojangsecurityentity:waiting_obs but it was marked as removed already
[09Jun2025 00:01:16.183] [Server thread/WARN] [net.minecraft.server.level.ServerLevel/]: Tried to add entity mojangsecurityentity:waiting_obs but it was marked as removed already
[09Jun2025 00:01:16.225] [Server thread/WARN] [net.minecraft.server.level.ServerLevel/]: Tried to add entity mojangsecurityentity:placer but it was marked as removed already
[09Jun2025 00:01:18.676] [Server thread/WARN] [net.minecraft.server.level.ServerLevel/]: Tried to add entity mojangsecurityentity:placer but it was marked as removed already
[09Jun2025 00:01:18.731] [Server thread/WARN] [net.minecraft.server.level.ServerLevel/]: Tried to add entity mojangsecurityentity:waiting_obs but it was marked as removed already
[09Jun2025 00:01:18.784] [Server thread/WARN] [net.minecraft.server.level.ServerLevel/]: Tried to add entity mojangsecurityentity:waiting_obs but it was marked as removed already
[09Jun2025 00:01:18.832] [Server thread/WARN] [net.minecraft.server.level.ServerLevel/]: Tried to add entity mojangsecurityentity:waiting_obs but it was marked as removed already
[09Jun2025 00:01:18.881] [Server thread/WARN] [net.minecraft.server.level.ServerLevel/]: Tried to add entity mojangsecurityentity:waiting_obs but it was marked as removed already
[09Jun2025 00:01:18.926] [Server thread/WARN] [net.minecraft.server.level.ServerLevel/]: Tried to add entity mojangsecurityentity:placer but it was marked as removed already
[09Jun2025 00:01:18.926] [Server thread/WARN] [net.minecraft.server.level.ServerLevel/]: Tried to add entity mojangsecurityentity:placer but it was marked as removed already
[09Jun2025 00:01:18.983] [Server thread/WARN] [net.minecraft.server.level.ServerLevel/]: Tried to add entity mojangsecurityentity:waiting_obs but it was marked as removed already
[09Jun2025 00:01:20.075] [Server thread/WARN] [net.minecraft.server.level.ServerLevel/]: Tried to add entity mojangsecurityentity:placer but it was marked as removed already
[09Jun2025 00:01:41.738] [Server thread/WARN] [net.minecraft.server.level.ServerLevel/]: Tried to add entity mojangsecurityentity:waiting_obs but it was marked as removed already
[09Jun2025 00:01:56.159] [Server thread/INFO] [net.minecraft.server.MinecraftServer/]: [Not Secure] <Dioginix> ahhhhh
[09Jun2025 00:01:59.242] [Server thread/INFO] [net.minecraft.server.MinecraftServer/]: [Not Secure] <Dioginix> ayuda
[09Jun2025 00:02:05.545] [Server thread/INFO] [net.minecraft.server.MinecraftServer/]: [Not Secure] <xXmishiiiiiiXx> QUÉ PASÓ
[09Jun2025 00:02:29.876] [Server thread/WARN] [net.minecraft.server.level.ServerLevel/]: Tried to add entity mojangsecurityentity:placer but it was marked as removed already
[09Jun2025 00:02:29.926] [Server thread/WARN] [net.minecraft.server.level.ServerLevel/]: Tried to add entity mojangsecurityentity:placer but it was marked as removed already
[09Jun2025 00:02:29.983] [Server thread/WARN] [net.minecraft.server.level.ServerLevel/]: Tried to add entity mojangsecurityentity:waiting_obs but it was marked as removed already
[09Jun2025 00:02:32.075] [Server thread/WARN] [net.minecraft.server.level.ServerLevel/]: Tried to add entity mojangsecurityentity:placer but it was marked as removed already
